<?xml version="1.0" encoding="UTF-8"?>
<coverage generated="1718692047470" clover="3.2.0">
  <project timestamp="1718692047470" name="All files">
    <metrics statements="57" coveredstatements="44" conditionals="7" coveredconditionals="0" methods="34" coveredmethods="25" elements="98" coveredelements="69" complexity="0" loc="57" ncloc="57" packages="2" files="4" classes="4"/>
    <package name="src">
      <metrics statements="43" coveredstatements="32" conditionals="6" coveredconditionals="0" methods="27" coveredmethods="19"/>
      <file name="client.ts" path="/Users/z/ax-project/contract/github/mystiko-governance/packages/vote-token-client/src/client.ts">
        <metrics statements="42" coveredstatements="31" conditionals="6" coveredconditionals="0" methods="27" coveredmethods="19"/>
        <line num="2" count="1" type="stmt"/>
        <line num="9" count="1" type="stmt"/>
        <line num="10" count="1" type="stmt"/>
        <line num="12" count="1" type="stmt"/>
        <line num="22" count="2" type="stmt"/>
        <line num="23" count="2" type="stmt"/>
        <line num="24" count="2" type="stmt"/>
        <line num="25" count="2" type="stmt"/>
        <line num="26" count="2" type="stmt"/>
        <line num="30" count="2" type="stmt"/>
        <line num="31" count="2" type="stmt"/>
        <line num="35" count="3" type="stmt"/>
        <line num="37" count="3" type="stmt"/>
        <line num="41" count="1" type="stmt"/>
        <line num="43" count="1" type="stmt"/>
        <line num="47" count="1" type="stmt"/>
        <line num="49" count="1" type="stmt"/>
        <line num="50" count="1" type="stmt"/>
        <line num="56" count="0" type="stmt"/>
        <line num="61" count="1" type="stmt"/>
        <line num="63" count="1" type="stmt"/>
        <line num="64" count="1" type="stmt"/>
        <line num="67" count="0" type="stmt"/>
        <line num="72" count="1" type="stmt"/>
        <line num="74" count="1" type="stmt"/>
        <line num="75" count="1" type="stmt"/>
        <line num="78" count="0" type="stmt"/>
        <line num="87" count="3" type="stmt"/>
        <line num="91" count="1" type="stmt"/>
        <line num="93" count="1" type="stmt"/>
        <line num="97" count="0" type="stmt"/>
        <line num="99" count="0" type="cond" truecount="0" falsecount="1"/>
        <line num="100" count="0" type="stmt"/>
        <line num="104" count="0" type="stmt"/>
        <line num="110" count="2" type="stmt"/>
        <line num="112" count="2" type="cond" truecount="0" falsecount="1"/>
        <line num="113" count="0" type="stmt"/>
        <line num="117" count="0" type="stmt"/>
        <line num="123" count="1" type="stmt"/>
        <line num="125" count="1" type="cond" truecount="0" falsecount="1"/>
        <line num="126" count="0" type="stmt"/>
        <line num="130" count="0" type="stmt"/>
      </file>
      <file name="index.ts" path="/Users/z/ax-project/contract/github/mystiko-governance/packages/vote-token-client/src/index.ts">
        <metrics statements="1" coveredstatements="1" conditionals="0" coveredconditionals="0" methods="0" coveredmethods="0"/>
        <line num="1" count="1" type="stmt"/>
      </file>
    </package>
    <package name="src.config">
      <metrics statements="14" coveredstatements="12" conditionals="1" coveredconditionals="0" methods="7" coveredmethods="6"/>
      <file name="config.ts" path="/Users/z/ax-project/contract/github/mystiko-governance/packages/vote-token-client/src/config/config.ts">
        <metrics statements="13" coveredstatements="11" conditionals="1" coveredconditionals="0" methods="7" coveredmethods="6"/>
        <line num="1" count="1" type="stmt"/>
        <line num="15" count="1" type="stmt"/>
        <line num="16" count="1" type="stmt"/>
        <line num="38" count="2" type="stmt"/>
        <line num="39" count="2" type="cond" truecount="0" falsecount="1"/>
        <line num="40" count="0" type="stmt"/>
        <line num="42" count="2" type="stmt"/>
        <line num="46" count="8" type="stmt"/>
        <line num="50" count="0" type="stmt"/>
        <line num="54" count="2" type="stmt"/>
        <line num="58" count="4" type="stmt"/>
        <line num="62" count="2" type="stmt"/>
        <line num="66" count="2" type="stmt"/>
      </file>
      <file name="index.ts" path="/Users/z/ax-project/contract/github/mystiko-governance/packages/vote-token-client/src/config/index.ts">
        <metrics statements="1" coveredstatements="1" conditionals="0" coveredconditionals="0" methods="0" coveredmethods="0"/>
        <line num="1" count="1" type="stmt"/>
      </file>
    </package>
  </project>
</coverage>
