{"/Users/z/ax-project/contract/github/mystiko-governance/packages/vote-token-client/src/client.ts": {"path":"/Users/z/ax-project/contract/github/mystiko-governance/packages/vote-token-client/src/client.ts","statementMap":{"0":{"start":{"line":2,"column":0},"end":{"line":2,"column":null}},"1":{"start":{"line":9,"column":0},"end":{"line":9,"column":57}},"2":{"start":{"line":10,"column":0},"end":{"line":10,"column":34}},"3":{"start":{"line":22,"column":4},"end":{"line":22,"column":38}},"4":{"start":{"line":23,"column":4},"end":{"line":23,"column":76}},"5":{"start":{"line":24,"column":4},"end":{"line":24,"column":70}},"6":{"start":{"line":25,"column":4},"end":{"line":25,"column":72}},"7":{"start":{"line":26,"column":4},"end":{"line":26,"column":24}},"8":{"start":{"line":30,"column":20},"end":{"line":30,"column":48}},"9":{"start":{"line":31,"column":4},"end":{"line":31,"column":66}},"10":{"start":{"line":35,"column":4},"end":{"line":37,"column":92}},"11":{"start":{"line":37,"column":25},"end":{"line":37,"column":90}},"12":{"start":{"line":41,"column":4},"end":{"line":43,"column":92}},"13":{"start":{"line":43,"column":25},"end":{"line":43,"column":90}},"14":{"start":{"line":47,"column":4},"end":{"line":57,"column":9}},"15":{"start":{"line":49,"column":25},"end":{"line":49,"column":70}},"16":{"start":{"line":50,"column":8},"end":{"line":53,"column":10}},"17":{"start":{"line":56,"column":8},"end":{"line":56,"column":20}},"18":{"start":{"line":61,"column":4},"end":{"line":68,"column":9}},"19":{"start":{"line":63,"column":25},"end":{"line":63,"column":70}},"20":{"start":{"line":64,"column":8},"end":{"line":64,"column":93}},"21":{"start":{"line":67,"column":8},"end":{"line":67,"column":20}},"22":{"start":{"line":72,"column":4},"end":{"line":79,"column":9}},"23":{"start":{"line":74,"column":25},"end":{"line":74,"column":70}},"24":{"start":{"line":75,"column":8},"end":{"line":75,"column":93}},"25":{"start":{"line":78,"column":8},"end":{"line":78,"column":20}},"26":{"start":{"line":87,"column":4},"end":{"line":87,"column":78}},"27":{"start":{"line":91,"column":4},"end":{"line":93,"column":96}},"28":{"start":{"line":93,"column":27},"end":{"line":93,"column":94}},"29":{"start":{"line":97,"column":4},"end":{"line":106,"column":6}},"30":{"start":{"line":99,"column":8},"end":{"line":101,"column":null}},"31":{"start":{"line":100,"column":10},"end":{"line":100,"column":50}},"32":{"start":{"line":104,"column":8},"end":{"line":104,"column":20}},"33":{"start":{"line":110,"column":4},"end":{"line":119,"column":6}},"34":{"start":{"line":112,"column":8},"end":{"line":114,"column":null}},"35":{"start":{"line":113,"column":10},"end":{"line":113,"column":50}},"36":{"start":{"line":117,"column":8},"end":{"line":117,"column":20}},"37":{"start":{"line":123,"column":4},"end":{"line":132,"column":6}},"38":{"start":{"line":125,"column":8},"end":{"line":127,"column":null}},"39":{"start":{"line":126,"column":10},"end":{"line":126,"column":57}},"40":{"start":{"line":130,"column":8},"end":{"line":130,"column":20}},"41":{"start":{"line":12,"column":0},"end":{"line":12,"column":13}}},"fnMap":{"0":{"name":"(anonymous_0)","decl":{"start":{"line":21,"column":2},"end":{"line":21,"column":14}},"loc":{"start":{"line":21,"column":33},"end":{"line":27,"column":3}}},"1":{"name":"(anonymous_1)","decl":{"start":{"line":29,"column":10},"end":{"line":29,"column":22}},"loc":{"start":{"line":29,"column":22},"end":{"line":32,"column":3}}},"2":{"name":"(anonymous_2)","decl":{"start":{"line":34,"column":9},"end":{"line":34,"column":19}},"loc":{"start":{"line":34,"column":35},"end":{"line":38,"column":3}}},"3":{"name":"(anonymous_3)","decl":{"start":{"line":37,"column":12},"end":{"line":37,"column":13}},"loc":{"start":{"line":37,"column":25},"end":{"line":37,"column":90}}},"4":{"name":"(anonymous_4)","decl":{"start":{"line":40,"column":9},"end":{"line":40,"column":20}},"loc":{"start":{"line":40,"column":36},"end":{"line":44,"column":3}}},"5":{"name":"(anonymous_5)","decl":{"start":{"line":43,"column":12},"end":{"line":43,"column":13}},"loc":{"start":{"line":43,"column":25},"end":{"line":43,"column":90}}},"6":{"name":"(anonymous_6)","decl":{"start":{"line":46,"column":9},"end":{"line":46,"column":16}},"loc":{"start":{"line":46,"column":48},"end":{"line":58,"column":3}}},"7":{"name":"(anonymous_7)","decl":{"start":{"line":48,"column":12},"end":{"line":48,"column":15}},"loc":{"start":{"line":48,"column":17},"end":{"line":54,"column":7}}},"8":{"name":"(anonymous_8)","decl":{"start":{"line":55,"column":13},"end":{"line":55,"column":14}},"loc":{"start":{"line":55,"column":23},"end":{"line":57,"column":7}}},"9":{"name":"(anonymous_9)","decl":{"start":{"line":60,"column":9},"end":{"line":60,"column":16}},"loc":{"start":{"line":60,"column":64},"end":{"line":69,"column":3}}},"10":{"name":"(anonymous_10)","decl":{"start":{"line":62,"column":12},"end":{"line":62,"column":15}},"loc":{"start":{"line":62,"column":17},"end":{"line":65,"column":7}}},"11":{"name":"(anonymous_11)","decl":{"start":{"line":66,"column":13},"end":{"line":66,"column":14}},"loc":{"start":{"line":66,"column":23},"end":{"line":68,"column":7}}},"12":{"name":"(anonymous_12)","decl":{"start":{"line":71,"column":9},"end":{"line":71,"column":17}},"loc":{"start":{"line":71,"column":65},"end":{"line":80,"column":3}}},"13":{"name":"(anonymous_13)","decl":{"start":{"line":73,"column":12},"end":{"line":73,"column":15}},"loc":{"start":{"line":73,"column":17},"end":{"line":76,"column":7}}},"14":{"name":"(anonymous_14)","decl":{"start":{"line":77,"column":13},"end":{"line":77,"column":14}},"loc":{"start":{"line":77,"column":23},"end":{"line":79,"column":7}}},"15":{"name":"(anonymous_15)","decl":{"start":{"line":82,"column":9},"end":{"line":82,"column":16}},"loc":{"start":{"line":85,"column":27},"end":{"line":88,"column":3}}},"16":{"name":"(anonymous_16)","decl":{"start":{"line":90,"column":10},"end":{"line":90,"column":22}},"loc":{"start":{"line":90,"column":38},"end":{"line":94,"column":3}}},"17":{"name":"(anonymous_17)","decl":{"start":{"line":93,"column":12},"end":{"line":93,"column":13}},"loc":{"start":{"line":93,"column":27},"end":{"line":93,"column":94}}},"18":{"name":"(anonymous_18)","decl":{"start":{"line":96,"column":10},"end":{"line":96,"column":26}},"loc":{"start":{"line":96,"column":58},"end":{"line":107,"column":3}}},"19":{"name":"(anonymous_19)","decl":{"start":{"line":98,"column":6},"end":{"line":98,"column":7}},"loc":{"start":{"line":98,"column":18},"end":{"line":102,"column":7}}},"20":{"name":"(anonymous_20)","decl":{"start":{"line":103,"column":6},"end":{"line":103,"column":7}},"loc":{"start":{"line":103,"column":16},"end":{"line":105,"column":7}}},"21":{"name":"(anonymous_21)","decl":{"start":{"line":109,"column":10},"end":{"line":109,"column":25}},"loc":{"start":{"line":109,"column":57},"end":{"line":120,"column":3}}},"22":{"name":"(anonymous_22)","decl":{"start":{"line":111,"column":6},"end":{"line":111,"column":7}},"loc":{"start":{"line":111,"column":18},"end":{"line":115,"column":7}}},"23":{"name":"(anonymous_23)","decl":{"start":{"line":116,"column":6},"end":{"line":116,"column":7}},"loc":{"start":{"line":116,"column":16},"end":{"line":118,"column":7}}},"24":{"name":"(anonymous_24)","decl":{"start":{"line":122,"column":10},"end":{"line":122,"column":22}},"loc":{"start":{"line":122,"column":54},"end":{"line":133,"column":3}}},"25":{"name":"(anonymous_25)","decl":{"start":{"line":124,"column":6},"end":{"line":124,"column":7}},"loc":{"start":{"line":124,"column":20},"end":{"line":128,"column":7}}},"26":{"name":"(anonymous_26)","decl":{"start":{"line":129,"column":6},"end":{"line":129,"column":7}},"loc":{"start":{"line":129,"column":16},"end":{"line":131,"column":7}}}},"branchMap":{"0":{"loc":{"start":{"line":21,"column":14},"end":{"line":21,"column":33}},"type":"default-arg","locations":[{"start":{"line":21,"column":32},"end":{"line":21,"column":33}}]},"1":{"loc":{"start":{"line":84,"column":4},"end":{"line":84,"column":29}},"type":"default-arg","locations":[{"start":{"line":84,"column":28},"end":{"line":84,"column":29}}]},"2":{"loc":{"start":{"line":85,"column":4},"end":{"line":85,"column":27}},"type":"default-arg","locations":[{"start":{"line":85,"column":22},"end":{"line":85,"column":27}}]},"3":{"loc":{"start":{"line":99,"column":8},"end":{"line":101,"column":null}},"type":"if","locations":[{"start":{"line":99,"column":8},"end":{"line":101,"column":null}}]},"4":{"loc":{"start":{"line":112,"column":8},"end":{"line":114,"column":null}},"type":"if","locations":[{"start":{"line":112,"column":8},"end":{"line":114,"column":null}}]},"5":{"loc":{"start":{"line":125,"column":8},"end":{"line":127,"column":null}},"type":"if","locations":[{"start":{"line":125,"column":8},"end":{"line":127,"column":null}}]}},"s":{"0":1,"1":1,"2":1,"3":2,"4":2,"5":2,"6":2,"7":2,"8":2,"9":2,"10":3,"11":3,"12":1,"13":1,"14":1,"15":1,"16":1,"17":0,"18":1,"19":1,"20":1,"21":0,"22":1,"23":1,"24":1,"25":0,"26":3,"27":1,"28":1,"29":0,"30":0,"31":0,"32":0,"33":2,"34":2,"35":0,"36":0,"37":1,"38":1,"39":0,"40":0,"41":1},"f":{"0":2,"1":2,"2":3,"3":3,"4":1,"5":1,"6":1,"7":1,"8":0,"9":1,"10":1,"11":0,"12":1,"13":1,"14":0,"15":3,"16":1,"17":1,"18":0,"19":0,"20":0,"21":2,"22":2,"23":0,"24":1,"25":1,"26":0},"b":{"0":[0],"1":[0],"2":[0],"3":[0],"4":[0],"5":[0]}}
,"/Users/z/ax-project/contract/github/mystiko-governance/packages/vote-token-client/src/index.ts": {"path":"/Users/z/ax-project/contract/github/mystiko-governance/packages/vote-token-client/src/index.ts","statementMap":{"0":{"start":{"line":1,"column":0},"end":{"line":1,"column":25}}},"fnMap":{},"branchMap":{},"s":{"0":1},"f":{},"b":{}}
,"/Users/z/ax-project/contract/github/mystiko-governance/packages/vote-token-client/src/config/config.ts": {"path":"/Users/z/ax-project/contract/github/mystiko-governance/packages/vote-token-client/src/config/config.ts","statementMap":{"0":{"start":{"line":1,"column":0},"end":{"line":1,"column":null}},"1":{"start":{"line":38,"column":19},"end":{"line":38,"column":47}},"2":{"start":{"line":39,"column":4},"end":{"line":41,"column":null}},"3":{"start":{"line":40,"column":6},"end":{"line":40,"column":58}},"4":{"start":{"line":42,"column":4},"end":{"line":42,"column":25}},"5":{"start":{"line":46,"column":4},"end":{"line":46,"column":32}},"6":{"start":{"line":50,"column":4},"end":{"line":50,"column":35}},"7":{"start":{"line":54,"column":4},"end":{"line":54,"column":36}},"8":{"start":{"line":58,"column":4},"end":{"line":58,"column":36}},"9":{"start":{"line":62,"column":4},"end":{"line":62,"column":102}},"10":{"start":{"line":66,"column":4},"end":{"line":70,"column":6}},"11":{"start":{"line":15,"column":0},"end":{"line":15,"column":13}},"12":{"start":{"line":16,"column":17},"end":{"line":33,"column":4}}},"fnMap":{"0":{"name":"(anonymous_0)","decl":{"start":{"line":37,"column":2},"end":{"line":37,"column":21}},"loc":{"start":{"line":37,"column":36},"end":{"line":43,"column":3}}},"1":{"name":"(anonymous_1)","decl":{"start":{"line":45,"column":2},"end":{"line":45,"column":13}},"loc":{"start":{"line":45,"column":26},"end":{"line":47,"column":3}}},"2":{"name":"(anonymous_2)","decl":{"start":{"line":49,"column":2},"end":{"line":49,"column":13}},"loc":{"start":{"line":49,"column":31},"end":{"line":51,"column":3}}},"3":{"name":"(anonymous_3)","decl":{"start":{"line":53,"column":2},"end":{"line":53,"column":13}},"loc":{"start":{"line":53,"column":32},"end":{"line":55,"column":3}}},"4":{"name":"(anonymous_4)","decl":{"start":{"line":57,"column":2},"end":{"line":57,"column":13}},"loc":{"start":{"line":57,"column":22},"end":{"line":59,"column":3}}},"5":{"name":"(anonymous_5)","decl":{"start":{"line":61,"column":9},"end":{"line":61,"column":28}},"loc":{"start":{"line":61,"column":56},"end":{"line":63,"column":3}}},"6":{"name":"(anonymous_6)","decl":{"start":{"line":65,"column":9},"end":{"line":65,"column":29}},"loc":{"start":{"line":65,"column":57},"end":{"line":71,"column":3}}}},"branchMap":{"0":{"loc":{"start":{"line":39,"column":4},"end":{"line":41,"column":null}},"type":"if","locations":[{"start":{"line":39,"column":4},"end":{"line":41,"column":null}}]}},"s":{"0":1,"1":2,"2":2,"3":0,"4":2,"5":8,"6":0,"7":2,"8":4,"9":2,"10":2,"11":1,"12":1},"f":{"0":2,"1":8,"2":0,"3":2,"4":4,"5":2,"6":2},"b":{"0":[0]}}
,"/Users/z/ax-project/contract/github/mystiko-governance/packages/vote-token-client/src/config/index.ts": {"path":"/Users/z/ax-project/contract/github/mystiko-governance/packages/vote-token-client/src/config/index.ts","statementMap":{"0":{"start":{"line":1,"column":0},"end":{"line":1,"column":25}}},"fnMap":{},"branchMap":{},"s":{"0":1},"f":{},"b":{}}
}
